 BELLHOP/BELLHOP3D

 BELLHOP- Pekeris profile                                                        
 frequency =   3000.     Hz

 Dummy parameter NMedia =            1

     C-linear approximation to SSP
     Attenuation units: dB/m
     VACUUM

 Depth =    1003.53 m

 Sound speed profile:
   z (m)     alphaR (m/s)   betaR  rho (g/cm^3)  alphaI     betaI

     -0.00      1548.52      0.00     1.00       0.0000    0.0000
     10.14      1548.52      0.00     1.00       0.0000    0.0000
     20.27      1548.52      0.00     1.00       0.0000    0.0000
     30.41      1535.92      0.00     1.00       0.0000    0.0000
     40.55      1535.92      0.00     1.00       0.0000    0.0000
     50.68      1535.92      0.00     1.00       0.0000    0.0000
     60.82      1535.92      0.00     1.00       0.0000    0.0000
     70.96      1535.92      0.00     1.00       0.0000    0.0000
     81.09      1526.01      0.00     1.00       0.0000    0.0000
     91.23      1526.01      0.00     1.00       0.0000    0.0000
    101.37      1526.01      0.00     1.00       0.0000    0.0000
    111.50      1526.01      0.00     1.00       0.0000    0.0000
    121.64      1526.01      0.00     1.00       0.0000    0.0000
    131.78      1518.30      0.00     1.00       0.0000    0.0000
    141.91      1518.30      0.00     1.00       0.0000    0.0000
    152.05      1518.30      0.00     1.00       0.0000    0.0000
    162.19      1518.30      0.00     1.00       0.0000    0.0000
    172.32      1518.30      0.00     1.00       0.0000    0.0000
    182.46      1512.38      0.00     1.00       0.0000    0.0000
    192.60      1512.38      0.00     1.00       0.0000    0.0000
    202.73      1512.38      0.00     1.00       0.0000    0.0000
    212.87      1512.38      0.00     1.00       0.0000    0.0000
    223.01      1512.38      0.00     1.00       0.0000    0.0000
    233.14      1507.94      0.00     1.00       0.0000    0.0000
    243.28      1507.94      0.00     1.00       0.0000    0.0000
    253.42      1507.94      0.00     1.00       0.0000    0.0000
    263.55      1507.94      0.00     1.00       0.0000    0.0000
    273.69      1507.94      0.00     1.00       0.0000    0.0000
    283.83      1504.70      0.00     1.00       0.0000    0.0000
    293.96      1504.70      0.00     1.00       0.0000    0.0000
    304.10      1504.70      0.00     1.00       0.0000    0.0000
    314.24      1504.70      0.00     1.00       0.0000    0.0000
    324.37      1504.70      0.00     1.00       0.0000    0.0000
    334.51      1502.46      0.00     1.00       0.0000    0.0000
    344.65      1502.46      0.00     1.00       0.0000    0.0000
    354.78      1502.46      0.00     1.00       0.0000    0.0000
    364.92      1502.46      0.00     1.00       0.0000    0.0000
    375.06      1501.02      0.00     1.00       0.0000    0.0000
    385.20      1501.02      0.00     1.00       0.0000    0.0000
    395.33      1501.02      0.00     1.00       0.0000    0.0000
    405.47      1501.02      0.00     1.00       0.0000    0.0000
    415.61      1501.02      0.00     1.00       0.0000    0.0000
    425.74      1500.24      0.00     1.00       0.0000    0.0000
    435.88      1500.24      0.00     1.00       0.0000    0.0000
    446.02      1500.24      0.00     1.00       0.0000    0.0000
    456.15      1500.24      0.00     1.00       0.0000    0.0000
    466.29      1500.24      0.00     1.00       0.0000    0.0000
    476.43      1500.00      0.00     1.00       0.0000    0.0000
    486.56      1500.00      0.00     1.00       0.0000    0.0000
    496.70      1500.00      0.00     1.00       0.0000    0.0000
    506.84      1500.00      0.00     1.00       0.0000    0.0000
    516.97      1500.00      0.00     1.00       0.0000    0.0000
    527.11      1500.21      0.00     1.00       0.0000    0.0000
    537.25      1500.21      0.00     1.00       0.0000    0.0000
    547.38      1500.21      0.00     1.00       0.0000    0.0000
    557.52      1500.21      0.00     1.00       0.0000    0.0000
    567.66      1500.21      0.00     1.00       0.0000    0.0000
    577.79      1500.78      0.00     1.00       0.0000    0.0000
    587.93      1500.78      0.00     1.00       0.0000    0.0000
    598.07      1500.78      0.00     1.00       0.0000    0.0000
    608.20      1500.78      0.00     1.00       0.0000    0.0000
    618.34      1500.78      0.00     1.00       0.0000    0.0000
    628.48      1501.65      0.00     1.00       0.0000    0.0000
    638.61      1501.65      0.00     1.00       0.0000    0.0000
    648.75      1501.65      0.00     1.00       0.0000    0.0000
    658.89      1501.65      0.00     1.00       0.0000    0.0000
    669.02      1501.65      0.00     1.00       0.0000    0.0000
    679.16      1502.76      0.00     1.00       0.0000    0.0000
    689.30      1502.76      0.00     1.00       0.0000    0.0000
    699.43      1502.76      0.00     1.00       0.0000    0.0000
    709.57      1502.76      0.00     1.00       0.0000    0.0000
    719.71      1502.76      0.00     1.00       0.0000    0.0000
    729.84      1504.07      0.00     1.00       0.0000    0.0000
    739.98      1504.07      0.00     1.00       0.0000    0.0000
    750.12      1504.07      0.00     1.00       0.0000    0.0000
    760.25      1504.07      0.00     1.00       0.0000    0.0000
    770.39      1504.07      0.00     1.00       0.0000    0.0000
    780.53      1505.54      0.00     1.00       0.0000    0.0000
    790.66      1505.54      0.00     1.00       0.0000    0.0000
    800.80      1505.54      0.00     1.00       0.0000    0.0000
    810.94      1505.54      0.00     1.00       0.0000    0.0000
    821.07      1505.54      0.00     1.00       0.0000    0.0000
    831.21      1507.15      0.00     1.00       0.0000    0.0000
    841.35      1507.15      0.00     1.00       0.0000    0.0000
    851.48      1507.15      0.00     1.00       0.0000    0.0000
    861.62      1507.15      0.00     1.00       0.0000    0.0000
    871.76      1507.15      0.00     1.00       0.0000    0.0000
    881.89      1508.86      0.00     1.00       0.0000    0.0000
    892.03      1508.86      0.00     1.00       0.0000    0.0000
    902.17      1508.86      0.00     1.00       0.0000    0.0000
    912.30      1508.86      0.00     1.00       0.0000    0.0000
    922.44      1508.86      0.00     1.00       0.0000    0.0000
    932.58      1510.67      0.00     1.00       0.0000    0.0000
    942.71      1510.67      0.00     1.00       0.0000    0.0000
    952.85      1510.67      0.00     1.00       0.0000    0.0000
    962.99      1510.67      0.00     1.00       0.0000    0.0000
    973.12      1510.67      0.00     1.00       0.0000    0.0000
    983.26      1512.55      0.00     1.00       0.0000    0.0000
    993.40      1512.55      0.00     1.00       0.0000    0.0000
   1003.53      1512.55      0.00     1.00       0.0000    0.0000

                                 ( RMS roughness =   0.00     )
     ACOUSTO-ELASTIC half-space
   1003.53      1600.00      0.00   ******       0.5000    0.0000

 __________________________________________________________________________


 Number of source   depths =            1
 Source depths (m)
   50.0000    

 Number of receiver depths =          100
 Receiver depths (m)
  -0.00000       10.1367       20.2734       30.4101       40.5468    
   50.6836       60.8203       70.9570       81.0937       91.2304    
   101.367       111.504       121.641       131.777       141.914    
   152.051       162.187       172.324       182.461       192.598    
   202.734    
  ...    1003.53448    

 *** WARNING ***
 Generated by program or subroutine: SdRdRMod
 Receiver below or too near the bottom bdry has been moved up


 Number of receiver ranges =          100
 Receiver ranges (km)
   0.00000       0.00000       0.00000       0.00000       0.00000    
   0.00000       0.00000       0.00000       0.00000       0.00000    
   0.00000       0.00000       0.00000       0.00000       0.00000    
   0.00000       0.00000       0.00000       0.00000       0.00000    
   0.00000    
  ...    0.00000000    

 *** FATAL ERROR ***
 Generated by program or subroutine: SdRdRMod
 Receiver ranges are not monotonically increasing

